<?xml version="1.0" encoding="UTF-8"?>
<!-- Generated by org.testng.reporters.JUnitReportReporter -->
<testsuite hostname="RLE0131" name="com.userprofile.scholastic.test.Read1000PageTest" tests="3" failures="0" timestamp="12 Jan 2016 10:00:56 GMT" time="0.010" errors="3">
  <testcase name="parentRegistration" time="0.000" classname="com.userprofile.scholastic.test.Read1000PageTest"/>
  <testcase name="parentRegistration" time="0.010" classname="com.userprofile.scholastic.test.Read1000PageTest"/>
  <testcase name="parentRegistration" time="0.000" classname="com.userprofile.scholastic.test.Read1000PageTest"/>
</testsuite> <!-- com.userprofile.scholastic.test.Read1000PageTest -->
