<?xml version="1.0" encoding="UTF-8"?>
<!-- Generated by org.testng.reporters.JUnitReportReporter -->
<testsuite hostname="RLE0131" name="com.userprofile.scholastic.test.InfinityRingLoginTest" tests="2" failures="0" timestamp="12 Jan 2016 10:00:56 GMT" time="0.008" errors="2">
  <testcase name="logintoApp" time="0.004" classname="com.userprofile.scholastic.test.InfinityRingLoginTest"/>
  <testcase name="logintoApp" time="0.004" classname="com.userprofile.scholastic.test.InfinityRingLoginTest"/>
</testsuite> <!-- com.userprofile.scholastic.test.InfinityRingLoginTest -->
