<?xml version="1.0" encoding="UTF-8"?>
<!-- Generated by org.testng.reporters.JUnitReportReporter -->
<testsuite hostname="RLE0131" name="com.userprofile.scholastic.test.InfinityRingRegistrationtest" tests="2" failures="0" timestamp="12 Jan 2016 10:00:56 GMT" time="0.000" errors="2">
  <testcase name="clickSignin" time="0.000" classname="com.userprofile.scholastic.test.InfinityRingRegistrationtest"/>
  <testcase name="clickSignin" time="0.000" classname="com.userprofile.scholastic.test.InfinityRingRegistrationtest"/>
</testsuite> <!-- com.userprofile.scholastic.test.InfinityRingRegistrationtest -->
