<?xml version="1.0" encoding="UTF-8"?>
<!-- Generated by org.testng.reporters.JUnitReportReporter -->
<testsuite hostname="RLE0131" name="com.userprofile.scholastic.test.InfinityRingLoginTest" tests="1" failures="0" timestamp="15 Jan 2016 15:57:39 GMT" time="30.033" errors="0">
  <testcase name="logintoApp" time="30.033" classname="com.userprofile.scholastic.test.InfinityRingLoginTest"/>
</testsuite> <!-- com.userprofile.scholastic.test.InfinityRingLoginTest -->
