<?xml version="1.0" encoding="UTF-8"?>
<!-- Generated by org.testng.reporters.JUnitReportReporter -->
<testsuite hostname="RLE0131" name="com.userprofile.scholastic.test.BookwizardRegistrationTest" tests="1" failures="0" timestamp="15 Jan 2016 15:57:39 GMT" time="0.000" errors="1">
  <testcase name="teacherRegistration" time="0.000" classname="com.userprofile.scholastic.test.BookwizardRegistrationTest"/>
</testsuite> <!-- com.userprofile.scholastic.test.BookwizardRegistrationTest -->
