<?xml version="1.0" encoding="UTF-8"?>
<!-- Generated by org.testng.reporters.JUnitReportReporter -->
<testsuite hostname="RLE0131" name="com.userprofile.scholastic.test.BookwizardLoginTest" tests="1" failures="0" timestamp="15 Jan 2016 15:57:39 GMT" time="30.623" errors="0">
  <testcase name="bookwizardLogin" time="30.623" classname="com.userprofile.scholastic.test.BookwizardLoginTest"/>
</testsuite> <!-- com.userprofile.scholastic.test.BookwizardLoginTest -->
